  FTPClientProgram.cpp
c:\users\dell\source\repos\ftp_client\ftp_client\sources\ftpclientprogram.cpp(42): warning C4566: character represented by universal-character-name '\u0111' cannot be represented in the current code page (1252)
c:\users\dell\source\repos\ftp_client\ftp_client\sources\ftpclientprogram.cpp(42): warning C4566: character represented by universal-character-name '\u1EC3' cannot be represented in the current code page (1252)
c:\users\dell\source\repos\ftp_client\ftp_client\sources\ftpclientprogram.cpp(42): warning C4566: character represented by universal-character-name '\u0103' cannot be represented in the current code page (1252)
c:\users\dell\source\repos\ftp_client\ftp_client\sources\ftpclientprogram.cpp(42): warning C4566: character represented by universal-character-name '\u1EAD' cannot be represented in the current code page (1252)
c:\users\dell\source\repos\ftp_client\ftp_client\sources\ftpclientprogram.cpp(42): warning C4566: character represented by universal-character-name '\u1EBF' cannot be represented in the current code page (1252)
c:\users\dell\source\repos\ftp_client\ftp_client\sources\ftpclientprogram.cpp(42): warning C4566: character represented by universal-character-name '\u1ED9' cannot be represented in the current code page (1252)
c:\users\dell\source\repos\ftp_client\ftp_client\sources\ftpclientprogram.cpp(69): warning C4566: character represented by universal-character-name '\u1EA1' cannot be represented in the current code page (1252)
c:\users\dell\source\repos\ftp_client\ftp_client\sources\ftpclientprogram.cpp(69): warning C4566: character represented by universal-character-name '\u1EC7' cannot be represented in the current code page (1252)
c:\users\dell\source\repos\ftp_client\ftp_client\sources\ftpclientprogram.cpp(69): warning C4566: character represented by universal-character-name '\u1EDB' cannot be represented in the current code page (1252)
c:\users\dell\source\repos\ftp_client\ftp_client\sources\ftpclientprogram.cpp(70): warning C4566: character represented by universal-character-name '\u1EC7' cannot be represented in the current code page (1252)
c:\users\dell\source\repos\ftp_client\ftp_client\sources\ftpclientprogram.cpp(70): warning C4566: character represented by universal-character-name '\u1EDB' cannot be represented in the current code page (1252)
c:\users\dell\source\repos\ftp_client\ftp_client\sources\ftpclientprogram.cpp(71): warning C4566: character represented by universal-character-name '\u1EE7' cannot be represented in the current code page (1252)
c:\users\dell\source\repos\ftp_client\ftp_client\sources\ftpclientprogram.cpp(71): warning C4566: character represented by universal-character-name '\u1EC7' cannot be represented in the current code page (1252)
c:\users\dell\source\repos\ftp_client\ftp_client\sources\ftpclientprogram.cpp(72): warning C4566: character represented by universal-character-name '\u1EBF' cannot be represented in the current code page (1252)
c:\users\dell\source\repos\ftp_client\ftp_client\sources\ftpclientprogram.cpp(72): warning C4566: character represented by universal-character-name '\u01B0' cannot be represented in the current code page (1252)
c:\users\dell\source\repos\ftp_client\ftp_client\sources\ftpclientprogram.cpp(72): warning C4566: character represented by universal-character-name '\u01A1' cannot be represented in the current code page (1252)
c:\users\dell\source\repos\ftp_client\ftp_client\sources\ftpclientprogram.cpp(79): warning C4566: character represented by universal-character-name '\u1EE9' cannot be represented in the current code page (1252)
c:\users\dell\source\repos\ftp_client\ftp_client\sources\ftpclientprogram.cpp(79): warning C4566: character represented by universal-character-name '\u0103' cannot be represented in the current code page (1252)
c:\users\dell\source\repos\ftp_client\ftp_client\sources\ftpclientprogram.cpp(79): warning C4566: character represented by universal-character-name '\u1EA1' cannot be represented in the current code page (1252)
c:\users\dell\source\repos\ftp_client\ftp_client\sources\ftpclientprogram.cpp(79): warning C4566: character represented by universal-character-name '\u1EAD' cannot be represented in the current code page (1252)
c:\users\dell\source\repos\ftp_client\ftp_client\sources\ftpclientprogram.cpp(85): warning C4566: character represented by universal-character-name '\u0111' cannot be represented in the current code page (1252)
c:\users\dell\source\repos\ftp_client\ftp_client\sources\ftpclientprogram.cpp(85): warning C4566: character represented by universal-character-name '\u01B0' cannot be represented in the current code page (1252)
c:\users\dell\source\repos\ftp_client\ftp_client\sources\ftpclientprogram.cpp(85): warning C4566: character represented by universal-character-name '\u1EE3' cannot be represented in the current code page (1252)
c:\users\dell\source\repos\ftp_client\ftp_client\sources\ftpclientprogram.cpp(85): warning C4566: character represented by universal-character-name '\u1EA1' cannot be represented in the current code page (1252)
c:\users\dell\source\repos\ftp_client\ftp_client\sources\ftpclientprogram.cpp(90): warning C4566: character represented by universal-character-name '\u1EAD' cannot be represented in the current code page (1252)
c:\users\dell\source\repos\ftp_client\ftp_client\sources\ftpclientprogram.cpp(90): warning C4566: character represented by universal-character-name '\u1EA5' cannot be represented in the current code page (1252)
c:\users\dell\source\repos\ftp_client\ftp_client\sources\ftpclientprogram.cpp(90): warning C4566: character represented by universal-character-name '\u1EF3' cannot be represented in the current code page (1252)
c:\users\dell\source\repos\ftp_client\ftp_client\sources\ftpclientprogram.cpp(90): warning C4566: character represented by universal-character-name '\u0111' cannot be represented in the current code page (1252)
c:\users\dell\source\repos\ftp_client\ftp_client\sources\ftpclientprogram.cpp(90): warning C4566: character represented by universal-character-name '\u1EC3' cannot be represented in the current code page (1252)
c:\users\dell\source\repos\ftp_client\ftp_client\sources\ftpclientprogram.cpp(90): warning C4566: character represented by universal-character-name '\u1EBF' cannot be represented in the current code page (1252)
c:\users\dell\source\repos\ftp_client\ftp_client\sources\ftpclientprogram.cpp(90): warning C4566: character represented by universal-character-name '\u1EE5' cannot be represented in the current code page (1252)
c:\users\dell\source\repos\ftp_client\ftp_client\sources\ftpclientprogram.cpp(96): warning C4566: character represented by universal-character-name '\u1EAD' cannot be represented in the current code page (1252)
c:\users\dell\source\repos\ftp_client\ftp_client\sources\ftpclientprogram.cpp(96): warning C4566: character represented by universal-character-name '\u1ED1' cannot be represented in the current code page (1252)
c:\users\dell\source\repos\ftp_client\ftp_client\sources\ftpclientprogram.cpp(96): warning C4566: character represented by universal-character-name '\u1EE7' cannot be represented in the current code page (1252)
c:\users\dell\source\repos\ftp_client\ftp_client\sources\ftpclientprogram.cpp(96): warning C4566: character represented by universal-character-name '\u1EA7' cannot be represented in the current code page (1252)
c:\users\dell\source\repos\ftp_client\ftp_client\sources\ftpclientprogram.cpp(96): warning C4566: character represented by universal-character-name '\u1EBF' cannot be represented in the current code page (1252)
c:\users\dell\source\repos\ftp_client\ftp_client\sources\ftpclientprogram.cpp(96): warning C4566: character represented by universal-character-name '\u0110' cannot be represented in the current code page (1252)
c:\users\dell\source\repos\ftp_client\ftp_client\sources\ftpclientprogram.cpp(96): warning C4566: character represented by universal-character-name '\u1EC3' cannot be represented in the current code page (1252)
c:\users\dell\source\repos\ftp_client\ftp_client\sources\ftpclientprogram.cpp(96): warning C4566: character represented by universal-character-name '\u1EA5' cannot be represented in the current code page (1252)
c:\users\dell\source\repos\ftp_client\ftp_client\sources\ftpclientprogram.cpp(96): warning C4566: character represented by universal-character-name '\u1EA3' cannot be represented in the current code page (1252)
c:\users\dell\source\repos\ftp_client\ftp_client\sources\ftpclientprogram.cpp(100): warning C4566: character represented by universal-character-name '\u1EA5' cannot be represented in the current code page (1252)
c:\users\dell\source\repos\ftp_client\ftp_client\sources\ftpclientprogram.cpp(100): warning C4566: character represented by universal-character-name '\u1EA3' cannot be represented in the current code page (1252)
c:\users\dell\source\repos\ftp_client\ftp_client\sources\ftpclientprogram.cpp(100): warning C4566: character represented by universal-character-name '\u0111' cannot be represented in the current code page (1252)
c:\users\dell\source\repos\ftp_client\ftp_client\sources\ftpclientprogram.cpp(100): warning C4566: character represented by universal-character-name '\u1EBF' cannot be represented in the current code page (1252)
c:\users\dell\source\repos\ftp_client\ftp_client\sources\ftpclientprogram.cpp(103): warning C4566: character represented by universal-character-name '\u0111' cannot be represented in the current code page (1252)
c:\users\dell\source\repos\ftp_client\ftp_client\sources\ftpclientprogram.cpp(103): warning C4566: character represented by universal-character-name '\u1EBF' cannot be represented in the current code page (1252)
c:\users\dell\source\repos\ftp_client\ftp_client\sources\ftpclientprogram.cpp(110): warning C4566: character represented by universal-character-name '\u1EA1' cannot be represented in the current code page (1252)
c:\users\dell\source\repos\ftp_client\ftp_client\sources\ftpclientprogram.cpp(110): warning C4566: character represented by universal-character-name '\u1ED1' cannot be represented in the current code page (1252)
c:\users\dell\source\repos\ftp_client\ftp_client\sources\ftpclientprogram.cpp(110): warning C4566: character represented by universal-character-name '\u1EBF' cannot be represented in the current code page (1252)
c:\users\dell\source\repos\ftp_client\ftp_client\sources\ftpclientprogram.cpp(110): warning C4566: character represented by universal-character-name '\u01B0' cannot be represented in the current code page (1252)
c:\users\dell\source\repos\ftp_client\ftp_client\sources\ftpclientprogram.cpp(110): warning C4566: character represented by universal-character-name '\u01A1' cannot be represented in the current code page (1252)
c:\users\dell\source\repos\ftp_client\ftp_client\sources\ftpclientprogram.cpp(118): warning C4566: character represented by universal-character-name '\u1EC7' cannot be represented in the current code page (1252)
  FTP_Client.vcxproj -> C:\Users\Dell\Source\Repos\FTP_Client\FTP_Client\x64\Debug\FTP_Client.exe
  FTP_Client.vcxproj -> C:\Users\Dell\Source\Repos\FTP_Client\FTP_Client\x64\Debug\FTP_Client.pdb (Partial PDB)
